2020/08/30 16:20:35 [INFO] Terraform version: 0.13.1  
2020/08/30 16:20:35 [INFO] Go runtime version: go1.14.7
2020/08/30 16:20:35 [INFO] CLI args: []string{"/Users/jcamp/bin/terraform", "apply"}
2020/08/30 16:20:35 [DEBUG] Attempting to open CLI config file: /Users/jcamp/.terraformrc
2020/08/30 16:20:35 [DEBUG] File doesn't exist, but doesn't need to. Ignoring.
2020/08/30 16:20:35 [DEBUG] ignoring non-existing provider search directory terraform.d/plugins
2020/08/30 16:20:35 [DEBUG] ignoring non-existing provider search directory /Users/jcamp/.terraform.d/plugins
2020/08/30 16:20:35 [DEBUG] ignoring non-existing provider search directory /Users/jcamp/Library/Application Support/io.terraform/plugins
2020/08/30 16:20:35 [DEBUG] ignoring non-existing provider search directory /Library/Application Support/io.terraform/plugins
2020/08/30 16:20:35 [INFO] CLI command args: []string{"apply"}
2020/08/30 16:20:35 [TRACE] Meta.Backend: built configuration for "s3" backend with hash value 1580611053
2020/08/30 16:20:35 [TRACE] Preserving existing state lineage "471e1f01-50e0-a1e1-2d9e-ac5be9e25f37"
2020/08/30 16:20:35 [TRACE] Preserving existing state lineage "471e1f01-50e0-a1e1-2d9e-ac5be9e25f37"
2020/08/30 16:20:35 [TRACE] Meta.Backend: working directory was previously initialized for "s3" backend
2020/08/30 16:20:35 [TRACE] Meta.Backend: using already-initialized, unchanged "s3" backend configuration
2020/08/30 16:20:35 [INFO] AWS Auth provider used: "SharedCredentialsProvider"
2020/08/30 16:20:35 [DEBUG] Trying to get account information via sts:GetCallerIdentity
2020/08/30 16:20:36 [TRACE] Meta.Backend: instantiated backend of type *s3.Backend
2020/08/30 16:20:36 [TRACE] providercache.fillMetaCache: scanning directory .terraform/plugins
2020/08/30 16:20:36 [TRACE] getproviders.SearchLocalDirectory: .terraform/plugins is a symlink to .terraform/plugins
2020/08/30 16:20:36 [TRACE] getproviders.SearchLocalDirectory: found registry.terraform.io/hashicorp/aws v2.70.0 for darwin_amd64 at .terraform/plugins/registry.terraform.io/hashicorp/aws/2.70.0/darwin_amd64
2020/08/30 16:20:36 [TRACE] getproviders.SearchLocalDirectory: found registry.terraform.io/hashicorp/random v2.3.0 for darwin_amd64 at .terraform/plugins/registry.terraform.io/hashicorp/random/2.3.0/darwin_amd64
2020/08/30 16:20:36 [TRACE] providercache.fillMetaCache: including .terraform/plugins/registry.terraform.io/hashicorp/aws/2.70.0/darwin_amd64 as a candidate package for registry.terraform.io/hashicorp/aws 2.70.0
2020/08/30 16:20:36 [TRACE] providercache.fillMetaCache: including .terraform/plugins/registry.terraform.io/hashicorp/random/2.3.0/darwin_amd64 as a candidate package for registry.terraform.io/hashicorp/random 2.3.0
2020/08/30 16:20:36 [TRACE] providercache.fillMetaCache: using cached result from previous scan of .terraform/plugins
2020/08/30 16:20:37 [DEBUG] checking for provisioner in "."
2020/08/30 16:20:37 [DEBUG] checking for provisioner in "/Users/jcamp/bin"
2020/08/30 16:20:37 [INFO] Failed to read plugin lock file .terraform/plugins/darwin_amd64/lock.json: open .terraform/plugins/darwin_amd64/lock.json: no such file or directory
2020/08/30 16:20:37 [TRACE] Meta.Backend: backend *s3.Backend does not support operations, so wrapping it in a local backend
2020/08/30 16:20:37 [INFO] backend/local: starting Apply operation
2020/08/30 16:20:37 [TRACE] backend/local: requesting state manager for workspace "default"
2020/08/30 16:20:37 [TRACE] backend/local: requesting state lock for workspace "default"
2020/08/30 16:20:37 [TRACE] backend/local: reading remote state for workspace "default"
2020/08/30 16:20:37 [TRACE] backend/local: retrieving local state snapshot for workspace "default"
2020/08/30 16:20:37 [TRACE] backend/local: building context for current working directory
2020/08/30 16:20:37 [DEBUG] backend/local: will prompt for input of unset required variables [public_alb_domain]
2020/08/30 16:20:37 [DEBUG] command: asking for input: "var.public_alb_domain"
2020/08/30 16:21:26 [TRACE] terraform.NewContext: starting
2020/08/30 16:21:26 [TRACE] terraform.NewContext: loading provider schemas
2020/08/30 16:21:26 [TRACE] LoadSchemas: retrieving schema for provider type "registry.terraform.io/hashicorp/aws"
2020-08-30T16:21:26.384-0400 [INFO]  plugin: configuring client automatic mTLS
2020-08-30T16:21:26.436-0400 [DEBUG] plugin: starting plugin: path=.terraform/plugins/registry.terraform.io/hashicorp/aws/2.70.0/darwin_amd64/terraform-provider-aws_v2.70.0_x4 args=[.terraform/plugins/registry.terraform.io/hashicorp/aws/2.70.0/darwin_amd64/terraform-provider-aws_v2.70.0_x4]
2020-08-30T16:21:26.440-0400 [DEBUG] plugin: plugin started: path=.terraform/plugins/registry.terraform.io/hashicorp/aws/2.70.0/darwin_amd64/terraform-provider-aws_v2.70.0_x4 pid=91091
2020-08-30T16:21:26.440-0400 [DEBUG] plugin: waiting for RPC address: path=.terraform/plugins/registry.terraform.io/hashicorp/aws/2.70.0/darwin_amd64/terraform-provider-aws_v2.70.0_x4
2020-08-30T16:21:30.161-0400 [INFO]  plugin.terraform-provider-aws_v2.70.0_x4: configuring server automatic mTLS: timestamp=2020-08-30T16:21:30.161-0400
2020-08-30T16:21:30.194-0400 [DEBUG] plugin.terraform-provider-aws_v2.70.0_x4: plugin address: address=/var/folders/99/hklr0x7d0cbcwzpx946b92d40000gn/T/plugin849671686 network=unix timestamp=2020-08-30T16:21:30.191-0400
2020-08-30T16:21:30.194-0400 [DEBUG] plugin: using plugin: version=5
2020/08/30 16:21:30 [TRACE] GRPCProvider: GetSchema
2020-08-30T16:21:30.288-0400 [TRACE] plugin.stdio: waiting for stdio data
2020/08/30 16:21:30 [TRACE] No provider meta schema returned
2020/08/30 16:21:30 [TRACE] GRPCProvider: Close
2020-08-30T16:21:30.371-0400 [WARN]  plugin.stdio: received EOF, stopping recv loop: err="rpc error: code = Unavailable desc = transport is closing"
2020-08-30T16:21:30.373-0400 [DEBUG] plugin: plugin process exited: path=.terraform/plugins/registry.terraform.io/hashicorp/aws/2.70.0/darwin_amd64/terraform-provider-aws_v2.70.0_x4 pid=91091
2020-08-30T16:21:30.374-0400 [DEBUG] plugin: plugin exited
2020/08/30 16:21:30 [TRACE] LoadSchemas: retrieving schema for provider type "registry.terraform.io/hashicorp/random"
2020-08-30T16:21:30.374-0400 [INFO]  plugin: configuring client automatic mTLS
2020-08-30T16:21:30.400-0400 [DEBUG] plugin: starting plugin: path=.terraform/plugins/registry.terraform.io/hashicorp/random/2.3.0/darwin_amd64/terraform-provider-random_v2.3.0_x4 args=[.terraform/plugins/registry.terraform.io/hashicorp/random/2.3.0/darwin_amd64/terraform-provider-random_v2.3.0_x4]
2020-08-30T16:21:30.403-0400 [DEBUG] plugin: plugin started: path=.terraform/plugins/registry.terraform.io/hashicorp/random/2.3.0/darwin_amd64/terraform-provider-random_v2.3.0_x4 pid=91096
2020-08-30T16:21:30.403-0400 [DEBUG] plugin: waiting for RPC address: path=.terraform/plugins/registry.terraform.io/hashicorp/random/2.3.0/darwin_amd64/terraform-provider-random_v2.3.0_x4
2020-08-30T16:21:31.668-0400 [INFO]  plugin.terraform-provider-random_v2.3.0_x4: configuring server automatic mTLS: timestamp=2020-08-30T16:21:31.667-0400
2020-08-30T16:21:31.696-0400 [DEBUG] plugin.terraform-provider-random_v2.3.0_x4: plugin address: address=/var/folders/99/hklr0x7d0cbcwzpx946b92d40000gn/T/plugin519048887 network=unix timestamp=2020-08-30T16:21:31.696-0400
2020-08-30T16:21:31.696-0400 [DEBUG] plugin: using plugin: version=5
2020/08/30 16:21:31 [TRACE] GRPCProvider: GetSchema
2020-08-30T16:21:31.755-0400 [TRACE] plugin.stdio: waiting for stdio data
2020/08/30 16:21:31 [TRACE] No provider meta schema returned
2020-08-30T16:21:31.756-0400 [WARN]  plugin.stdio: received EOF, stopping recv loop: err="rpc error: code = Unimplemented desc = unknown service plugin.GRPCStdio"
2020/08/30 16:21:31 [TRACE] GRPCProvider: Close
2020-08-30T16:21:31.758-0400 [DEBUG] plugin: plugin process exited: path=.terraform/plugins/registry.terraform.io/hashicorp/random/2.3.0/darwin_amd64/terraform-provider-random_v2.3.0_x4 pid=91096
2020-08-30T16:21:31.758-0400 [DEBUG] plugin: plugin exited
2020/08/30 16:21:31 [TRACE] terraform.NewContext: complete
2020/08/30 16:21:32 [DEBUG] backend/local: will prompt for input of unset required variables [public_alb_domain]
2020/08/30 16:21:32 [DEBUG] command: asking for input: "var.public_alb_domain"
2020/08/30 16:21:38 [WARN] backend/local: Failed to request user input for variable "public_alb_domain": interrupted
2020/08/30 16:21:38 [TRACE] backend/local: finished building terraform.Context
2020/08/30 16:21:38 [TRACE] backend/local: requesting interactive input, if necessary
2020/08/30 16:21:38 [TRACE] Context.Input: Prompting for provider arguments
2020/08/30 16:21:38 [TRACE] Context.Input: Provider provider.aws declared at provider.tf:1,1-15
2020/08/30 16:21:38 [TRACE] Context.Input: Provider provider.aws.us_east_1 declared at provider.tf:12,1-15
2020/08/30 16:21:38 [TRACE] Context.Input: Provider provider.random declared at provider.tf:18,1-18
2020/08/30 16:21:38 [TRACE] Context.Input: Input for provider.aws.us_east_1: map[string]cty.Value{}
2020/08/30 16:21:38 [TRACE] Context.Input: Input for provider.random: map[string]cty.Value{}
2020/08/30 16:21:38 [TRACE] Context.Input: Input for provider.aws: map[string]cty.Value{}
2020/08/30 16:21:38 [TRACE] backend/local: running validation operation
panic: runtime error: invalid memory address or nil pointer dereference
[signal SIGSEGV: segmentation violation code=0x1 addr=0x90 pc=0x1720e43]

goroutine 36 [running]:
github.com/hashicorp/terraform/terraform.(*Context).acquireRun(0x0, 0x32cd9c2, 0x8, 0x0)
	/home/circleci/project/project/terraform/context.go:710 +0x43
github.com/hashicorp/terraform/terraform.(*Context).Validate(0x0, 0x0, 0x0, 0x0)
	/home/circleci/project/project/terraform/context.go:656 +0x80
github.com/hashicorp/terraform/backend/local.(*Local).context(0xc00086a410, 0xc000b38000, 0x0, 0x0, 0x0, 0x0, 0x0, 0x0, 0x0)
	/home/circleci/project/project/backend/local/backend_local.go:148 +0xbb0
github.com/hashicorp/terraform/backend/local.(*Local).opApply(0xc00086a410, 0x38e27a0, 0xc000676540, 0x38e27a0, 0xc000676580, 0xc000b38000, 0xc000676500)
	/home/circleci/project/project/backend/local/backend_apply.go:53 +0x302
github.com/hashicorp/terraform/backend/local.(*Local).Operation.func1(0xc000b2e510, 0xc000b2e520, 0xc000b2e530, 0xc00086a410, 0xc000b2e500, 0x38e27a0, 0xc000676540, 0x38e27a0, 0xc000676580, 0xc000b38000, ...)
	/home/circleci/project/project/backend/local/backend.go:340 +0xe8
created by github.com/hashicorp/terraform/backend/local.(*Local).Operation
	/home/circleci/project/project/backend/local/backend.go:334 +0x366
